0 info it worked if it ends with ok
1 verbose cli [ '/usr/local/Cellar/node/4.1.1/bin/node',
1 verbose cli   '/usr/local/bin/npm',
1 verbose cli   'run',
1 verbose cli   'deploy-staging' ]
2 info using npm@3.3.6
3 info using node@v4.1.1
4 verbose stack Error: ENOENT: no such file or directory, open '/Users/alfredo_altamirano/Repos/Proyecto-Moviles/package.json'
4 verbose stack     at Error (native)
5 verbose cwd /Users/alfredo_altamirano/Repos/Proyecto-Moviles
6 error Darwin 14.4.0
7 error argv "/usr/local/Cellar/node/4.1.1/bin/node" "/usr/local/bin/npm" "run" "deploy-staging"
8 error node v4.1.1
9 error npm  v3.3.6
10 error path /Users/alfredo_altamirano/Repos/Proyecto-Moviles/package.json
11 error code ENOENT
12 error errno -2
13 error syscall open
14 error enoent ENOENT: no such file or directory, open '/Users/alfredo_altamirano/Repos/Proyecto-Moviles/package.json'
14 error enoent This is most likely not a problem with npm itself
14 error enoent and is related to npm not being able to find a file.
15 verbose exit [ -2, true ]
